Start testing: Mar 20 17:30 CET
----------------------------------------------------------
1/5 Testing: QPSolverTestUnit
1/5 Test: QPSolverTestUnit
Command: "/home/sasa/Softwares/Tasks/build/tests/QPSolverTest"
Directory: /home/sasa/Softwares/Tasks/build/tests
"QPSolverTestUnit" start time: Mar 20 17:30 CET
Output:
----------------------------------------------------------
Running 17 test cases...
lssol output (3): 
No feasible point was found, i.e. it was not possible to satisfy all the constraints to within the feasibility tolerance. In this case, the constraint violation at the final X will reveal a value of the for which a feasible point will exist. For example, if the feasibility tolerance for each violated constraint exceeds its Residual at the final point. The modified problem (with an altered feasibility tolerance) may then be solved using a Warm Start


*** No errors detected
<end of output>
Test time =   1.09 sec
----------------------------------------------------------
Test Passed.
"QPSolverTestUnit" end time: Mar 20 17:30 CET
"QPSolverTestUnit" time elapsed: 00:00:01
----------------------------------------------------------

2/5 Testing: QPMultiRobotTestUnit
2/5 Test: QPMultiRobotTestUnit
Command: "/home/sasa/Softwares/Tasks/build/tests/QPMultiRobotTest"
Directory: /home/sasa/Softwares/Tasks/build/tests
"QPMultiRobotTestUnit" start time: Mar 20 17:30 CET
Output:
----------------------------------------------------------
Running 5 test cases...
lssol output (3): 
No feasible point was found, i.e. it was not possible to satisfy all the constraints to within the feasibility tolerance. In this case, the constraint violation at the final X will reveal a value of the for which a feasible point will exist. For example, if the feasibility tolerance for each violated constraint exceeds its Residual at the final point. The modified problem (with an altered feasibility tolerance) may then be solved using a Warm Start


*** No errors detected
<end of output>
Test time =   0.21 sec
----------------------------------------------------------
Test Passed.
"QPMultiRobotTestUnit" end time: Mar 20 17:30 CET
"QPMultiRobotTestUnit" time elapsed: 00:00:00
----------------------------------------------------------

3/5 Testing: TasksTestUnit
3/5 Test: TasksTestUnit
Command: "/home/sasa/Softwares/Tasks/build/tests/TasksTest"
Directory: /home/sasa/Softwares/Tasks/build/tests
"TasksTestUnit" start time: Mar 20 17:30 CET
Output:
----------------------------------------------------------
Running 11 test cases...

*** No errors detected
<end of output>
Test time =   0.02 sec
----------------------------------------------------------
Test Passed.
"TasksTestUnit" end time: Mar 20 17:30 CET
"TasksTestUnit" time elapsed: 00:00:00
----------------------------------------------------------

4/5 Testing: AllocationTestUnit
4/5 Test: AllocationTestUnit
Command: "/home/sasa/Softwares/Tasks/build/tests/AllocationTest"
Directory: /home/sasa/Softwares/Tasks/build/tests
"AllocationTestUnit" start time: Mar 20 17:30 CET
Output:
----------------------------------------------------------
Running 1 test case...
Testing raw pointer creation for tasks::qp::ImageConstr
Testing raw pointer creation for tasks::GazeTask
Testing raw pointer creation for tasks::PositionBasedVisServoTask
Testing raw pointer creation for tasks::qp::GazeTask
Testing raw pointer creation for tasks::qp::PositionBasedVisServoTask
Testing raw pointer creation for tasks::qp::MultiRobotTransformTask
Testing shared_ptr creation for for tasks::qp::ImageConstr
Testing shared_ptr creation for for tasks::GazeTask
Testing shared_ptr creation for for tasks::PositionBasedVisServoTask
Testing shared_ptr creation for for tasks::qp::GazeTask
Testing shared_ptr creation for for tasks::qp::PositionBasedVisServoTask
Testing shared_ptr creation for for tasks::qp::MultiRobotTransformTask

*** No errors detected
<end of output>
Test time =   0.01 sec
----------------------------------------------------------
Test Passed.
"AllocationTestUnit" end time: Mar 20 17:30 CET
"AllocationTestUnit" time elapsed: 00:00:00
----------------------------------------------------------

5/5 Testing: test-tasks-python-bindings
5/5 Test: test-tasks-python-bindings
Command: "/usr/bin/cmake" "-E" "env" "LD_LIBRARY_PATH=/home/sasa/Softwares/Tasks/build/src:/home/sasa/Softwares/catkin_ws/devel/lib:/opt/ros/melodic/lib:/usr/local/lib:/opt/openrobots/lib:/usr/local/lib:/usr/local/lib/python2.7/dist-packages/openravepy/_openravepy_:/usr/local/lib" "/usr/bin/cmake" "-E" "env" "PYTHONPATH=.:/home/sasa/Softwares/catkin_ws/devel/lib/python2.7/dist-packages:/opt/ros/melodic/lib/python2.7/dist-packages:/usr/local/lib/python2.7/site-packages:/opt/openrobots/lib/python2.7/site-packages:/usr/local/lib/python2.7/dist-packages" "/usr/bin/cmake" "-E" "chdir" "/home/sasa/Softwares/Tasks/build/binding/python/tasks/python/RelWithDebInfo" "python" "-c" "import nose, sys; sys.exit(not nose.run())"
Directory: /home/sasa/Softwares/Tasks/build/binding/python
"test-tasks-python-bindings" start time: Mar 20 17:30 CET
Output:
----------------------------------------------------------
..lssol output (5): 
The algorithm could be cycling, since a total of 50 changes were made to the working set without altering X

..
----------------------------------------------------------------------
Ran 4 tests in 0.653s

OK
<end of output>
Test time =   0.89 sec
----------------------------------------------------------
Test Passed.
"test-tasks-python-bindings" end time: Mar 20 17:30 CET
"test-tasks-python-bindings" time elapsed: 00:00:00
----------------------------------------------------------

End testing: Mar 20 17:30 CET
